<?xml version="1.0" encoding="UTF-8"?>
<testsuite xmlns:xsi="http://www.w3.org/2001/XMLSchema-instance" xsi:noNamespaceSchemaLocation="https://maven.apache.org/surefire/maven-surefire-plugin/xsd/surefire-test-report-3.0.xsd" version="3.0" name="com.smartcampus.SmartcampusApplicationTests" time="8.501" tests="1" errors="0" skipped="0" failures="0">
  <properties>
[...]
</properties>
  <testcase name="contextLoads" classname="com.smartcampus.SmartcampusApplicationTests" time="1.046">
    <system-out><![CDATA[[INFO] 2023-12-23 14:33:44.977 [main] AnnotationConfigContextLoaderUtils - Could not detect default configuration classes for test class [com.smartcampus.SmartcampusApplicationTests]: SmartcampusApplicationTests does not declare any static, non-private, non-final, nested classes annotated with @Configuration.
[INFO] 2023-12-23 14:33:45.226 [main] SpringBootTestContextBootstrapper - Found @SpringBootConfiguration com.smartcampus.SmartcampusApplication for test class com.smartcampus.SmartcampusApplicationTests
[INFO] 2023-12-23 14:33:45.419 [main] RestartApplicationListener - Restart disabled due to context in which it is running

  .   ____          _            __ _ _
 /\\ / ___'_ __ _ _(_)_ __  __ _ \ \ \ \
( ( )\___ | '_ | '_| | '_ \/ _` | \ \ \ \
 \\/  ___)| |_)| | | | | || (_| |  ) ) ) )
  '  |____| .__|_| |_|_| |_\__, | / / / /
 =========|_|==============|___/=/_/_/_/
 :: Spring Boot ::                (v3.2.0)

[INFO] 2023-12-23 14:33:45.650 [main] SmartcampusApplicationTests - Starting SmartcampusApplicationTests using Java 19.0.2 with PID 16864 (started by Mohacel Hosen in E:\Smart Campus\smartcampus)
[INFO] 2023-12-23 14:33:45.661 [main] SmartcampusApplicationTests - No active profile set, falling back to 1 default profile: "default"
[INFO] 2023-12-23 14:33:47.611 [main] RepositoryConfigurationDelegate - Bootstrapping Spring Data MongoDB repositories in DEFAULT mode.
[INFO] 2023-12-23 14:33:47.737 [main] RepositoryConfigurationDelegate - Finished Spring Data repository scanning in 119 ms. Found 18 MongoDB repository interfaces.
[INFO] 2023-12-23 14:33:48.662 [main] client - MongoClient with metadata {"driver": {"name": "mongo-java-driver|sync|spring-boot", "version": "4.11.1"}, "os": {"type": "Windows", "name": "Windows 11", "architecture": "amd64", "version": "10.0"}, "platform": "Java/Oracle Corporation/19.0.2+7-44"} created with settings MongoClientSettings{readPreference=primary, writeConcern=WriteConcern{w=majority, wTimeout=null ms, journal=null}, retryWrites=true, retryReads=true, readConcern=ReadConcern{level=null}, credential=MongoCredential{mechanism=null, userName='mohacel', source='admin', password=<hidden>, mechanismProperties=<hidden>}, transportSettings=null, streamFactoryFactory=null, commandListeners=[], codecRegistry=ProvidersCodecRegistry{codecProviders=[ValueCodecProvider{}, BsonValueCodecProvider{}, DBRefCodecProvider{}, DBObjectCodecProvider{}, DocumentCodecProvider{}, CollectionCodecProvider{}, IterableCodecProvider{}, MapCodecProvider{}, GeoJsonCodecProvider{}, GridFSFileCodecProvider{}, Jsr310CodecProvider{}, JsonObjectCodecProvider{}, BsonCodecProvider{}, EnumCodecProvider{}, com.mongodb.client.model.mql.ExpressionCodecProvider@3cd46491, com.mongodb.Jep395RecordCodecProvider@27d98bef, com.mongodb.KotlinCodecProvider@349312d5]}, loggerSettings=LoggerSettings{maxDocumentLength=1000}, clusterSettings={hosts=[127.0.0.1:27017], srvHost=cluster0.fvneon7.mongodb.net, srvServiceName=mongodb, mode=MULTIPLE, requiredClusterType=REPLICA_SET, requiredReplicaSetName='atlas-ksvj42-shard-0', serverSelector='null', clusterListeners='[]', serverSelectionTimeout='30000 ms', localThreshold='15 ms'}, socketSettings=SocketSettings{connectTimeoutMS=10000, readTimeoutMS=0, receiveBufferSize=0, proxySettings=ProxySettings{host=null, port=null, username=null, password=null}}, heartbeatSocketSettings=SocketSettings{connectTimeoutMS=10000, readTimeoutMS=10000, receiveBufferSize=0, proxySettings=ProxySettings{host=null, port=null, username=null, password=null}}, connectionPoolSettings=ConnectionPoolSettings{maxSize=100, minSize=0, maxWaitTimeMS=120000, maxConnectionLifeTimeMS=0, maxConnectionIdleTimeMS=0, maintenanceInitialDelayMS=0, maintenanceFrequencyMS=60000, connectionPoolListeners=[], maxConnecting=2}, serverSettings=ServerSettings{heartbeatFrequencyMS=10000, minHeartbeatFrequencyMS=500, serverListeners='[]', serverMonitorListeners='[]'}, sslSettings=SslSettings{enabled=true, invalidHostNameAllowed=false, context=null}, applicationName='null', compressorList=[], uuidRepresentation=JAVA_LEGACY, serverApi=null, autoEncryptionSettings=null, dnsClient=null, inetAddressResolver=null, contextProvider=null}
[INFO] 2023-12-23 14:33:48.707 [cluster-ClusterId{value='65869b6c03b0bc29fce8eea0', description='null'}-srv-cluster0.fvneon7.mongodb.net] cluster - Adding discovered server ac-vmryjr1-shard-00-01.fvneon7.mongodb.net:27017 to client view of cluster
[INFO] 2023-12-23 14:33:48.738 [cluster-ClusterId{value='65869b6c03b0bc29fce8eea0', description='null'}-srv-cluster0.fvneon7.mongodb.net] cluster - Adding discovered server ac-vmryjr1-shard-00-00.fvneon7.mongodb.net:27017 to client view of cluster
[INFO] 2023-12-23 14:33:48.741 [cluster-ClusterId{value='65869b6c03b0bc29fce8eea0', description='null'}-srv-cluster0.fvneon7.mongodb.net] cluster - Adding discovered server ac-vmryjr1-shard-00-02.fvneon7.mongodb.net:27017 to client view of cluster
[INFO] 2023-12-23 14:33:49.662 [cluster-ClusterId{value='65869b6c03b0bc29fce8eea0', description='null'}-ac-vmryjr1-shard-00-02.fvneon7.mongodb.net:27017] cluster - Monitor thread successfully connected to server with description ServerDescription{address=ac-vmryjr1-shard-00-02.fvneon7.mongodb.net:27017, type=REPLICA_SET_PRIMARY, state=CONNECTED, ok=true, minWireVersion=0, maxWireVersion=17, maxDocumentSize=16777216, logicalSessionTimeoutMinutes=30, roundTripTimeNanos=548250000, setName='atlas-ksvj42-shard-0', canonicalAddress=ac-vmryjr1-shard-00-02.fvneon7.mongodb.net:27017, hosts=[ac-vmryjr1-shard-00-02.fvneon7.mongodb.net:27017, ac-vmryjr1-shard-00-01.fvneon7.mongodb.net:27017, ac-vmryjr1-shard-00-00.fvneon7.mongodb.net:27017], passives=[], arbiters=[], primary='ac-vmryjr1-shard-00-02.fvneon7.mongodb.net:27017', tagSet=TagSet{[Tag{name='availabilityZone', value='aps1-az2'}, Tag{name='nodeType', value='ELECTABLE'}, Tag{name='provider', value='AWS'}, Tag{name='region', value='AP_SOUTH_1'}, Tag{name='workloadType', value='OPERATIONAL'}]}, electionId=7fffffff00000000000000b8, setVersion=8, topologyVersion=TopologyVersion{processId=6583de7cf31e72248b32852a, counter=6}, lastWriteDate=Sat Dec 23 14:33:49 BDT 2023, lastUpdateTimeNanos=844451418098300}
[INFO] 2023-12-23 14:33:49.662 [cluster-ClusterId{value='65869b6c03b0bc29fce8eea0', description='null'}-ac-vmryjr1-shard-00-00.fvneon7.mongodb.net:27017] cluster - Monitor thread successfully connected to server with description ServerDescription{address=ac-vmryjr1-shard-00-00.fvneon7.mongodb.net:27017, type=REPLICA_SET_SECONDARY, state=CONNECTED, ok=true, minWireVersion=0, maxWireVersion=17, maxDocumentSize=16777216, logicalSessionTimeoutMinutes=30, roundTripTimeNanos=548282500, setName='atlas-ksvj42-shard-0', canonicalAddress=ac-vmryjr1-shard-00-00.fvneon7.mongodb.net:27017, hosts=[ac-vmryjr1-shard-00-02.fvneon7.mongodb.net:27017, ac-vmryjr1-shard-00-01.fvneon7.mongodb.net:27017, ac-vmryjr1-shard-00-00.fvneon7.mongodb.net:27017], passives=[], arbiters=[], primary='ac-vmryjr1-shard-00-02.fvneon7.mongodb.net:27017', tagSet=TagSet{[Tag{name='availabilityZone', value='aps1-az1'}, Tag{name='nodeType', value='ELECTABLE'}, Tag{name='provider', value='AWS'}, Tag{name='region', value='AP_SOUTH_1'}, Tag{name='workloadType', value='OPERATIONAL'}]}, electionId=null, setVersion=8, topologyVersion=TopologyVersion{processId=6583d9b1d68a916c47fc9ea4, counter=6}, lastWriteDate=Sat Dec 23 14:33:49 BDT 2023, lastUpdateTimeNanos=844451418098100}
[INFO] 2023-12-23 14:33:49.662 [cluster-ClusterId{value='65869b6c03b0bc29fce8eea0', description='null'}-ac-vmryjr1-shard-00-01.fvneon7.mongodb.net:27017] cluster - Monitor thread successfully connected to server with description ServerDescription{address=ac-vmryjr1-shard-00-01.fvneon7.mongodb.net:27017, type=REPLICA_SET_SECONDARY, state=CONNECTED, ok=true, minWireVersion=0, maxWireVersion=17, maxDocumentSize=16777216, logicalSessionTimeoutMinutes=30, roundTripTimeNanos=542960700, setName='atlas-ksvj42-shard-0', canonicalAddress=ac-vmryjr1-shard-00-01.fvneon7.mongodb.net:27017, hosts=[ac-vmryjr1-shard-00-02.fvneon7.mongodb.net:27017, ac-vmryjr1-shard-00-01.fvneon7.mongodb.net:27017, ac-vmryjr1-shard-00-00.fvneon7.mongodb.net:27017], passives=[], arbiters=[], primary='ac-vmryjr1-shard-00-02.fvneon7.mongodb.net:27017', tagSet=TagSet{[Tag{name='availabilityZone', value='aps1-az3'}, Tag{name='nodeType', value='ELECTABLE'}, Tag{name='provider', value='AWS'}, Tag{name='region', value='AP_SOUTH_1'}, Tag{name='workloadType', value='OPERATIONAL'}]}, electionId=null, setVersion=8, topologyVersion=TopologyVersion{processId=6583e35d1d1b756a494f1126, counter=4}, lastWriteDate=Sat Dec 23 14:33:49 BDT 2023, lastUpdateTimeNanos=844451418098200}
[INFO] 2023-12-23 14:33:49.668 [cluster-ClusterId{value='65869b6c03b0bc29fce8eea0', description='null'}-ac-vmryjr1-shard-00-02.fvneon7.mongodb.net:27017] cluster - Discovered replica set primary ac-vmryjr1-shard-00-02.fvneon7.mongodb.net:27017 with max election id 7fffffff00000000000000b8 and max set version 8
[INFO] 2023-12-23 14:33:49.760 [main] SecurityConfig - SecurityConfig::passwordEncoder, 🧠
[INFO] 2023-12-23 14:33:50.435 [main] SecurityConfig - SecurityConfig::authenticationProvider, 👨‍💻
[INFO] 2023-12-23 14:33:50.534 [main] SecurityConfig - SecurityConfig::SecurityFilterChain, 🗃️
[INFO] 2023-12-23 14:33:50.963 [main] DefaultSecurityFilterChain - Will secure any request with [org.springframework.security.web.session.DisableEncodeUrlFilter@61b0af9f, org.springframework.security.web.context.request.async.WebAsyncManagerIntegrationFilter@71fb1da3, org.springframework.security.web.context.SecurityContextHolderFilter@c29b0dc, org.springframework.security.web.header.HeaderWriterFilter@4727e5fc, org.springframework.security.web.authentication.logout.LogoutFilter@788a0513, com.smartcampus.security.jwt.JwtAuthFilter@1ecec098, org.springframework.security.web.savedrequest.RequestCacheAwareFilter@7cd3860, org.springframework.security.web.servletapi.SecurityContextHolderAwareRequestFilter@44f23927, org.springframework.security.web.authentication.AnonymousAuthenticationFilter@6cc44207, org.springframework.security.web.session.SessionManagementFilter@dd07be8, org.springframework.security.web.access.ExceptionTranslationFilter@62410e1f, org.springframework.security.web.access.intercept.AuthorizationFilter@10301d6f]
[INFO] 2023-12-23 14:33:50.984 [main] SecurityConfig - SecurityConfig::authenticationManager, 🕵️
[INFO] 2023-12-23 14:33:51.481 [main] SmartcampusApplicationTests - Started SmartcampusApplicationTests in 6.073 seconds (process running for 8.171)
]]></system-out>
  </testcase>
</testsuite>