<?xml version="1.0" encoding="UTF-8"?>
<testsuite xmlns:xsi="http://www.w3.org/2001/XMLSchema-instance" xsi:noNamespaceSchemaLocation="https://maven.apache.org/surefire/maven-surefire-plugin/xsd/surefire-test-report-3.0.xsd" version="3.0" name="com.smartcampus.SmartcampusApplicationTests" time="7.118" tests="1" errors="0" skipped="0" failures="0">
  <properties>
[...]
</properties>
  <testcase name="contextLoads" classname="com.smartcampus.SmartcampusApplicationTests" time="1.001">
    <system-out><![CDATA[[INFO] 2023-12-20 01:15:13.280 [main] AnnotationConfigContextLoaderUtils - Could not detect default configuration classes for test class [com.smartcampus.SmartcampusApplicationTests]: SmartcampusApplicationTests does not declare any static, non-private, non-final, nested classes annotated with @Configuration.
[INFO] 2023-12-20 01:15:13.460 [main] SpringBootTestContextBootstrapper - Found @SpringBootConfiguration com.smartcampus.SmartcampusApplication for test class com.smartcampus.SmartcampusApplicationTests
[INFO] 2023-12-20 01:15:13.612 [main] RestartApplicationListener - Restart disabled due to context in which it is running

  .   ____          _            __ _ _
 /\\ / ___'_ __ _ _(_)_ __  __ _ \ \ \ \
( ( )\___ | '_ | '_| | '_ \/ _` | \ \ \ \
 \\/  ___)| |_)| | | | | || (_| |  ) ) ) )
  '  |____| .__|_| |_|_| |_\__, | / / / /
 =========|_|==============|___/=/_/_/_/
 :: Spring Boot ::                (v3.2.0)

[INFO] 2023-12-20 01:15:13.865 [main] SmartcampusApplicationTests - Starting SmartcampusApplicationTests using Java 19.0.2 with PID 11016 (started by Mohacel Hosen in E:\Smart Campus\smartcampus)
[INFO] 2023-12-20 01:15:13.876 [main] SmartcampusApplicationTests - No active profile set, falling back to 1 default profile: "default"
[INFO] 2023-12-20 01:15:15.532 [main] RepositoryConfigurationDelegate - Bootstrapping Spring Data MongoDB repositories in DEFAULT mode.
[INFO] 2023-12-20 01:15:15.632 [main] RepositoryConfigurationDelegate - Finished Spring Data repository scanning in 95 ms. Found 15 MongoDB repository interfaces.
[INFO] 2023-12-20 01:15:16.346 [main] client - MongoClient with metadata {"driver": {"name": "mongo-java-driver|sync|spring-boot", "version": "4.11.1"}, "os": {"type": "Windows", "name": "Windows 11", "architecture": "amd64", "version": "10.0"}, "platform": "Java/Oracle Corporation/19.0.2+7-44"} created with settings MongoClientSettings{readPreference=primary, writeConcern=WriteConcern{w=majority, wTimeout=null ms, journal=null}, retryWrites=true, retryReads=true, readConcern=ReadConcern{level=null}, credential=MongoCredential{mechanism=null, userName='mohacel', source='admin', password=<hidden>, mechanismProperties=<hidden>}, transportSettings=null, streamFactoryFactory=null, commandListeners=[], codecRegistry=ProvidersCodecRegistry{codecProviders=[ValueCodecProvider{}, BsonValueCodecProvider{}, DBRefCodecProvider{}, DBObjectCodecProvider{}, DocumentCodecProvider{}, CollectionCodecProvider{}, IterableCodecProvider{}, MapCodecProvider{}, GeoJsonCodecProvider{}, GridFSFileCodecProvider{}, Jsr310CodecProvider{}, JsonObjectCodecProvider{}, BsonCodecProvider{}, EnumCodecProvider{}, com.mongodb.client.model.mql.ExpressionCodecProvider@2969a9a6, com.mongodb.Jep395RecordCodecProvider@25470477, com.mongodb.KotlinCodecProvider@6182ffef]}, loggerSettings=LoggerSettings{maxDocumentLength=1000}, clusterSettings={hosts=[127.0.0.1:27017], srvHost=cluster0.fvneon7.mongodb.net, srvServiceName=mongodb, mode=MULTIPLE, requiredClusterType=REPLICA_SET, requiredReplicaSetName='atlas-ksvj42-shard-0', serverSelector='null', clusterListeners='[]', serverSelectionTimeout='30000 ms', localThreshold='15 ms'}, socketSettings=SocketSettings{connectTimeoutMS=10000, readTimeoutMS=0, receiveBufferSize=0, proxySettings=ProxySettings{host=null, port=null, username=null, password=null}}, heartbeatSocketSettings=SocketSettings{connectTimeoutMS=10000, readTimeoutMS=10000, receiveBufferSize=0, proxySettings=ProxySettings{host=null, port=null, username=null, password=null}}, connectionPoolSettings=ConnectionPoolSettings{maxSize=100, minSize=0, maxWaitTimeMS=120000, maxConnectionLifeTimeMS=0, maxConnectionIdleTimeMS=0, maintenanceInitialDelayMS=0, maintenanceFrequencyMS=60000, connectionPoolListeners=[], maxConnecting=2}, serverSettings=ServerSettings{heartbeatFrequencyMS=10000, minHeartbeatFrequencyMS=500, serverListeners='[]', serverMonitorListeners='[]'}, sslSettings=SslSettings{enabled=true, invalidHostNameAllowed=false, context=null}, applicationName='null', compressorList=[], uuidRepresentation=JAVA_LEGACY, serverApi=null, autoEncryptionSettings=null, dnsClient=null, inetAddressResolver=null, contextProvider=null}
[INFO] 2023-12-20 01:15:16.414 [cluster-ClusterId{value='6581ebc421a6372b01c602b3', description='null'}-srv-cluster0.fvneon7.mongodb.net] cluster - Adding discovered server ac-vmryjr1-shard-00-01.fvneon7.mongodb.net:27017 to client view of cluster
[INFO] 2023-12-20 01:15:16.457 [cluster-ClusterId{value='6581ebc421a6372b01c602b3', description='null'}-srv-cluster0.fvneon7.mongodb.net] cluster - Adding discovered server ac-vmryjr1-shard-00-00.fvneon7.mongodb.net:27017 to client view of cluster
[INFO] 2023-12-20 01:15:16.460 [cluster-ClusterId{value='6581ebc421a6372b01c602b3', description='null'}-srv-cluster0.fvneon7.mongodb.net] cluster - Adding discovered server ac-vmryjr1-shard-00-02.fvneon7.mongodb.net:27017 to client view of cluster
[INFO] 2023-12-20 01:15:17.253 [cluster-ClusterId{value='6581ebc421a6372b01c602b3', description='null'}-ac-vmryjr1-shard-00-02.fvneon7.mongodb.net:27017] cluster - Monitor thread successfully connected to server with description ServerDescription{address=ac-vmryjr1-shard-00-02.fvneon7.mongodb.net:27017, type=REPLICA_SET_PRIMARY, state=CONNECTED, ok=true, minWireVersion=0, maxWireVersion=17, maxDocumentSize=16777216, logicalSessionTimeoutMinutes=30, roundTripTimeNanos=501571401, setName='atlas-ksvj42-shard-0', canonicalAddress=ac-vmryjr1-shard-00-02.fvneon7.mongodb.net:27017, hosts=[ac-vmryjr1-shard-00-02.fvneon7.mongodb.net:27017, ac-vmryjr1-shard-00-01.fvneon7.mongodb.net:27017, ac-vmryjr1-shard-00-00.fvneon7.mongodb.net:27017], passives=[], arbiters=[], primary='ac-vmryjr1-shard-00-02.fvneon7.mongodb.net:27017', tagSet=TagSet{[Tag{name='availabilityZone', value='aps1-az2'}, Tag{name='nodeType', value='ELECTABLE'}, Tag{name='provider', value='AWS'}, Tag{name='region', value='AP_SOUTH_1'}, Tag{name='workloadType', value='OPERATIONAL'}]}, electionId=7fffffff00000000000000b5, setVersion=8, topologyVersion=TopologyVersion{processId=65661e89d0c1a73b22ae4844, counter=6}, lastWriteDate=Wed Dec 20 01:15:17 BDT 2023, lastUpdateTimeNanos=537320539472100}
[INFO] 2023-12-20 01:15:17.253 [cluster-ClusterId{value='6581ebc421a6372b01c602b3', description='null'}-ac-vmryjr1-shard-00-01.fvneon7.mongodb.net:27017] cluster - Monitor thread successfully connected to server with description ServerDescription{address=ac-vmryjr1-shard-00-01.fvneon7.mongodb.net:27017, type=REPLICA_SET_SECONDARY, state=CONNECTED, ok=true, minWireVersion=0, maxWireVersion=17, maxDocumentSize=16777216, logicalSessionTimeoutMinutes=30, roundTripTimeNanos=500002200, setName='atlas-ksvj42-shard-0', canonicalAddress=ac-vmryjr1-shard-00-01.fvneon7.mongodb.net:27017, hosts=[ac-vmryjr1-shard-00-02.fvneon7.mongodb.net:27017, ac-vmryjr1-shard-00-01.fvneon7.mongodb.net:27017, ac-vmryjr1-shard-00-00.fvneon7.mongodb.net:27017], passives=[], arbiters=[], primary='ac-vmryjr1-shard-00-02.fvneon7.mongodb.net:27017', tagSet=TagSet{[Tag{name='availabilityZone', value='aps1-az3'}, Tag{name='nodeType', value='ELECTABLE'}, Tag{name='provider', value='AWS'}, Tag{name='region', value='AP_SOUTH_1'}, Tag{name='workloadType', value='OPERATIONAL'}]}, electionId=null, setVersion=8, topologyVersion=TopologyVersion{processId=65661eed3bf620281ba982ea, counter=3}, lastWriteDate=Wed Dec 20 01:15:17 BDT 2023, lastUpdateTimeNanos=537320539472100}
[INFO] 2023-12-20 01:15:17.253 [cluster-ClusterId{value='6581ebc421a6372b01c602b3', description='null'}-ac-vmryjr1-shard-00-00.fvneon7.mongodb.net:27017] cluster - Monitor thread successfully connected to server with description ServerDescription{address=ac-vmryjr1-shard-00-00.fvneon7.mongodb.net:27017, type=REPLICA_SET_SECONDARY, state=CONNECTED, ok=true, minWireVersion=0, maxWireVersion=17, maxDocumentSize=16777216, logicalSessionTimeoutMinutes=30, roundTripTimeNanos=501564600, setName='atlas-ksvj42-shard-0', canonicalAddress=ac-vmryjr1-shard-00-00.fvneon7.mongodb.net:27017, hosts=[ac-vmryjr1-shard-00-02.fvneon7.mongodb.net:27017, ac-vmryjr1-shard-00-01.fvneon7.mongodb.net:27017, ac-vmryjr1-shard-00-00.fvneon7.mongodb.net:27017], passives=[], arbiters=[], primary='ac-vmryjr1-shard-00-02.fvneon7.mongodb.net:27017', tagSet=TagSet{[Tag{name='availabilityZone', value='aps1-az1'}, Tag{name='nodeType', value='ELECTABLE'}, Tag{name='provider', value='AWS'}, Tag{name='region', value='AP_SOUTH_1'}, Tag{name='workloadType', value='OPERATIONAL'}]}, electionId=null, setVersion=8, topologyVersion=TopologyVersion{processId=65661e26039e11dd20d35393, counter=4}, lastWriteDate=Wed Dec 20 01:15:17 BDT 2023, lastUpdateTimeNanos=537320539472100}
[INFO] 2023-12-20 01:15:17.260 [main] SecurityConfig - SecurityConfig::passwordEncoder, 🧠
[INFO] 2023-12-20 01:15:17.264 [cluster-ClusterId{value='6581ebc421a6372b01c602b3', description='null'}-ac-vmryjr1-shard-00-02.fvneon7.mongodb.net:27017] cluster - Discovered replica set primary ac-vmryjr1-shard-00-02.fvneon7.mongodb.net:27017 with max election id 7fffffff00000000000000b5 and max set version 8
[INFO] 2023-12-20 01:15:17.815 [main] SecurityConfig - SecurityConfig::authenticationProvider, 👨‍💻
[INFO] 2023-12-20 01:15:17.894 [main] SecurityConfig - SecurityConfig::SecurityFilterChain, 🗃️
[INFO] 2023-12-20 01:15:18.190 [main] DefaultSecurityFilterChain - Will secure any request with [org.springframework.security.web.session.DisableEncodeUrlFilter@538f45f1, org.springframework.security.web.context.request.async.WebAsyncManagerIntegrationFilter@64fc6470, org.springframework.security.web.context.SecurityContextHolderFilter@706d2bae, org.springframework.security.web.header.HeaderWriterFilter@6e90cec8, org.springframework.security.web.authentication.logout.LogoutFilter@27d6267e, com.smartcampus.security.jwt.JwtAuthFilter@5cf3a7f9, org.springframework.security.web.savedrequest.RequestCacheAwareFilter@54e06788, org.springframework.security.web.servletapi.SecurityContextHolderAwareRequestFilter@4e789704, org.springframework.security.web.authentication.AnonymousAuthenticationFilter@42db955e, org.springframework.security.web.session.SessionManagementFilter@215c6ec0, org.springframework.security.web.access.ExceptionTranslationFilter@61c58320, org.springframework.security.web.access.intercept.AuthorizationFilter@53fc870f]
[INFO] 2023-12-20 01:15:18.207 [main] SecurityConfig - SecurityConfig::authenticationManager, 🕵️
[INFO] 2023-12-20 01:15:18.642 [main] SmartcampusApplicationTests - Started SmartcampusApplicationTests in 5.04 seconds (process running for 6.94)
]]></system-out>
  </testcase>
</testsuite>